1742415101408	geckodriver	INFO	Listening on 127.0.0.1:53448
1742415104484	mozrunner::runner	INFO	Running command: "C:\\Program Files\\Mozilla Firefox\\firefox.exe" "--marionette" "--remote-debugging-port" "53449" "--remote-allow-hosts" "localhost" "-no-remote" "-profile" "C:\\Users\\andre\\AppData\\Local\\Temp\\rust_mozprofile5C2030"
console.warn: services.settings: Ignoring preference override of remote settings server
console.warn: services.settings: Allow by setting MOZ_REMOTE_SETTINGS_DEVTOOLS=1 in the environment
Dynamically enable window occlusion 0
1742415104877	Marionette	INFO	Marionette enabled
1742415105018	Marionette	INFO	Listening on port 53461
WebDriver BiDi listening on ws://127.0.0.1:53449
Read port: 53461
1742415105252	RemoteAgent	WARN	TLS certificate errors will be ignored for this session
DevTools listening on ws://127.0.0.1:53449/devtools/browser/4b8a8723-f519-43f1-819b-4643ba1b1634
JavaScript warning: https://www.google.com/search?q=Robot+Framework&sca_esv=a702c171394dd447&source=hp&ei=BCXbZ_rdKvCu5OUPp7WTmAI&iflsig=ACkRmUkAAAAAZ9szFJBRPCBOrr4eklVeG4u5rets-hA5&ved=0ahUKEwj67-uM-paMAxVwF7kGHafaBCMQ4dUDCA8&uact=5&oq=Robot+Framework&gs_lp=Egdnd3Mtd2l6Ig9Sb2JvdCBGcmFtZXdvcmsyCxAAGIAEGLEDGIMBMgUQABiABDIFEAAYgAQyBRAAGIAEMgUQABiABDIFEAAYgAQyBRAAGIAEMgUQABiABDIFEAAYgAQyBRAAGIAESMIDUABYdXABeACQAQGYAYwBoAHRA6oBAzEuM7gBA8gBAPgBAZgCBKAC4AKYAwCSBwMxLjOgB4wVsgcDMC4zuAfbAg&sclient=gws-wiz, line 3808: unreachable code after return statement
JavaScript warning: https://www.google.com/search?q=Robot+Framework&sca_esv=a702c171394dd447&source=hp&ei=BCXbZ_rdKvCu5OUPp7WTmAI&iflsig=ACkRmUkAAAAAZ9szFJBRPCBOrr4eklVeG4u5rets-hA5&ved=0ahUKEwj67-uM-paMAxVwF7kGHafaBCMQ4dUDCA8&uact=5&oq=Robot+Framework&gs_lp=Egdnd3Mtd2l6Ig9Sb2JvdCBGcmFtZXdvcmsyCxAAGIAEGLEDGIMBMgUQABiABDIFEAAYgAQyBRAAGIAEMgUQABiABDIFEAAYgAQyBRAAGIAEMgUQABiABDIFEAAYgAQyBRAAGIAESMIDUABYdXABeACQAQGYAYwBoAHRA6oBAzEuM7gBA8gBAPgBAZgCBKAC4AKYAwCSBwMxLjOgB4wVsgcDMC4zuAfbAg&sclient=gws-wiz, line 3808: unreachable code after return statement
JavaScript warning: https://www.google.com/search?q=Robot+Framework&sca_esv=a702c171394dd447&source=hp&ei=BCXbZ_rdKvCu5OUPp7WTmAI&iflsig=ACkRmUkAAAAAZ9szFJBRPCBOrr4eklVeG4u5rets-hA5&ved=0ahUKEwj67-uM-paMAxVwF7kGHafaBCMQ4dUDCA8&uact=5&oq=Robot+Framework&gs_lp=Egdnd3Mtd2l6Ig9Sb2JvdCBGcmFtZXdvcmsyCxAAGIAEGLEDGIMBMgUQABiABDIFEAAYgAQyBRAAGIAEMgUQABiABDIFEAAYgAQyBRAAGIAEMgUQABiABDIFEAAYgAQyBRAAGIAESMIDUABYdXABeACQAQGYAYwBoAHRA6oBAzEuM7gBA8gBAPgBAZgCBKAC4AKYAwCSBwMxLjOgB4wVsgcDMC4zuAfbAg&sclient=gws-wiz, line 3808: unreachable code after return statement
JavaScript warning: https://www.google.com/search?q=Robot+Framework&sca_esv=a702c171394dd447&source=hp&ei=BCXbZ_rdKvCu5OUPp7WTmAI&iflsig=ACkRmUkAAAAAZ9szFJBRPCBOrr4eklVeG4u5rets-hA5&ved=0ahUKEwj67-uM-paMAxVwF7kGHafaBCMQ4dUDCA8&uact=5&oq=Robot+Framework&gs_lp=Egdnd3Mtd2l6Ig9Sb2JvdCBGcmFtZXdvcmsyCxAAGIAEGLEDGIMBMgUQABiABDIFEAAYgAQyBRAAGIAEMgUQABiABDIFEAAYgAQyBRAAGIAEMgUQABiABDIFEAAYgAQyBRAAGIAESMIDUABYdXABeACQAQGYAYwBoAHRA6oBAzEuM7gBA8gBAPgBAZgCBKAC4AKYAwCSBwMxLjOgB4wVsgcDMC4zuAfbAg&sclient=gws-wiz, line 3808: unreachable code after return statement
JavaScript warning: https://www.google.com/search?q=Robot+Framework&sca_esv=a702c171394dd447&source=hp&ei=BCXbZ_rdKvCu5OUPp7WTmAI&iflsig=ACkRmUkAAAAAZ9szFJBRPCBOrr4eklVeG4u5rets-hA5&ved=0ahUKEwj67-uM-paMAxVwF7kGHafaBCMQ4dUDCA8&uact=5&oq=Robot+Framework&gs_lp=Egdnd3Mtd2l6Ig9Sb2JvdCBGcmFtZXdvcmsyCxAAGIAEGLEDGIMBMgUQABiABDIFEAAYgAQyBRAAGIAEMgUQABiABDIFEAAYgAQyBRAAGIAEMgUQABiABDIFEAAYgAQyBRAAGIAESMIDUABYdXABeACQAQGYAYwBoAHRA6oBAzEuM7gBA8gBAPgBAZgCBKAC4AKYAwCSBwMxLjOgB4wVsgcDMC4zuAfbAg&sclient=gws-wiz line 2 > eval, line 3808: unreachable code after return statement
JavaScript warning: https://www.google.com/search?q=Robot+Framework&sca_esv=a702c171394dd447&source=hp&ei=BCXbZ_rdKvCu5OUPp7WTmAI&iflsig=ACkRmUkAAAAAZ9szFJBRPCBOrr4eklVeG4u5rets-hA5&ved=0ahUKEwj67-uM-paMAxVwF7kGHafaBCMQ4dUDCA8&uact=5&oq=Robot+Framework&gs_lp=Egdnd3Mtd2l6Ig9Sb2JvdCBGcmFtZXdvcmsyCxAAGIAEGLEDGIMBMgUQABiABDIFEAAYgAQyBRAAGIAEMgUQABiABDIFEAAYgAQyBRAAGIAEMgUQABiABDIFEAAYgAQyBRAAGIAESMIDUABYdXABeACQAQGYAYwBoAHRA6oBAzEuM7gBA8gBAPgBAZgCBKAC4AKYAwCSBwMxLjOgB4wVsgcDMC4zuAfbAg&sclient=gws-wiz line 2 > eval, line 3808: unreachable code after return statement
JavaScript warning: https://www.google.com/search?q=Robot+Framework&sca_esv=a702c171394dd447&source=hp&ei=BCXbZ_rdKvCu5OUPp7WTmAI&iflsig=ACkRmUkAAAAAZ9szFJBRPCBOrr4eklVeG4u5rets-hA5&ved=0ahUKEwj67-uM-paMAxVwF7kGHafaBCMQ4dUDCA8&uact=5&oq=Robot+Framework&gs_lp=Egdnd3Mtd2l6Ig9Sb2JvdCBGcmFtZXdvcmsyCxAAGIAEGLEDGIMBMgUQABiABDIFEAAYgAQyBRAAGIAEMgUQABiABDIFEAAYgAQyBRAAGIAEMgUQABiABDIFEAAYgAQyBRAAGIAESMIDUABYdXABeACQAQGYAYwBoAHRA6oBAzEuM7gBA8gBAPgBAZgCBKAC4AKYAwCSBwMxLjOgB4wVsgcDMC4zuAfbAg&sclient=gws-wiz line 2 > eval, line 3808: unreachable code after return statement
JavaScript warning: https://www.google.com/search?q=Robot+Framework&sca_esv=a702c171394dd447&source=hp&ei=BCXbZ_rdKvCu5OUPp7WTmAI&iflsig=ACkRmUkAAAAAZ9szFJBRPCBOrr4eklVeG4u5rets-hA5&ved=0ahUKEwj67-uM-paMAxVwF7kGHafaBCMQ4dUDCA8&uact=5&oq=Robot+Framework&gs_lp=Egdnd3Mtd2l6Ig9Sb2JvdCBGcmFtZXdvcmsyCxAAGIAEGLEDGIMBMgUQABiABDIFEAAYgAQyBRAAGIAEMgUQABiABDIFEAAYgAQyBRAAGIAEMgUQABiABDIFEAAYgAQyBRAAGIAESMIDUABYdXABeACQAQGYAYwBoAHRA6oBAzEuM7gBA8gBAPgBAZgCBKAC4AKYAwCSBwMxLjOgB4wVsgcDMC4zuAfbAg&sclient=gws-wiz line 2 > eval, line 1: unreachable code after return statement
JavaScript warning: https://www.google.com/search?q=Robot+Framework&sca_esv=a702c171394dd447&source=hp&ei=BCXbZ_rdKvCu5OUPp7WTmAI&iflsig=ACkRmUkAAAAAZ9szFJBRPCBOrr4eklVeG4u5rets-hA5&ved=0ahUKEwj67-uM-paMAxVwF7kGHafaBCMQ4dUDCA8&uact=5&oq=Robot+Framework&gs_lp=Egdnd3Mtd2l6Ig9Sb2JvdCBGcmFtZXdvcmsyCxAAGIAEGLEDGIMBMgUQABiABDIFEAAYgAQyBRAAGIAEMgUQABiABDIFEAAYgAQyBRAAGIAEMgUQABiABDIFEAAYgAQyBRAAGIAESMIDUABYdXABeACQAQGYAYwBoAHRA6oBAzEuM7gBA8gBAPgBAZgCBKAC4AKYAwCSBwMxLjOgB4wVsgcDMC4zuAfbAg&sclient=gws-wiz line 2 > eval line 3808 > eval, line 1: unreachable code after return statement
JavaScript warning: https://www.google.com/search?q=Robot+Framework&sca_esv=a702c171394dd447&source=hp&ei=BCXbZ_rdKvCu5OUPp7WTmAI&iflsig=ACkRmUkAAAAAZ9szFJBRPCBOrr4eklVeG4u5rets-hA5&ved=0ahUKEwj67-uM-paMAxVwF7kGHafaBCMQ4dUDCA8&uact=5&oq=Robot+Framework&gs_lp=Egdnd3Mtd2l6Ig9Sb2JvdCBGcmFtZXdvcmsyCxAAGIAEGLEDGIMBMgUQABiABDIFEAAYgAQyBRAAGIAEMgUQABiABDIFEAAYgAQyBRAAGIAEMgUQABiABDIFEAAYgAQyBRAAGIAESMIDUABYdXABeACQAQGYAYwBoAHRA6oBAzEuM7gBA8gBAPgBAZgCBKAC4AKYAwCSBwMxLjOgB4wVsgcDMC4zuAfbAg&sclient=gws-wiz line 2 > eval line 3808 > eval, line 1: unreachable code after return statement
JavaScript warning: https://www.google.com/search?q=Robot+Framework&sca_esv=a702c171394dd447&source=hp&ei=BCXbZ_rdKvCu5OUPp7WTmAI&iflsig=ACkRmUkAAAAAZ9szFJBRPCBOrr4eklVeG4u5rets-hA5&ved=0ahUKEwj67-uM-paMAxVwF7kGHafaBCMQ4dUDCA8&uact=5&oq=Robot+Framework&gs_lp=Egdnd3Mtd2l6Ig9Sb2JvdCBGcmFtZXdvcmsyCxAAGIAEGLEDGIMBMgUQABiABDIFEAAYgAQyBRAAGIAEMgUQABiABDIFEAAYgAQyBRAAGIAEMgUQABiABDIFEAAYgAQyBRAAGIAESMIDUABYdXABeACQAQGYAYwBoAHRA6oBAzEuM7gBA8gBAPgBAZgCBKAC4AKYAwCSBwMxLjOgB4wVsgcDMC4zuAfbAg&sclient=gws-wiz line 2 > eval line 3808 > eval line 1 > eval, line 1: unreachable code after return statement
JavaScript warning: https://www.google.com/search?q=Robot+Framework&sca_esv=a702c171394dd447&source=hp&ei=BCXbZ_rdKvCu5OUPp7WTmAI&iflsig=ACkRmUkAAAAAZ9szFJBRPCBOrr4eklVeG4u5rets-hA5&ved=0ahUKEwj67-uM-paMAxVwF7kGHafaBCMQ4dUDCA8&uact=5&oq=Robot+Framework&gs_lp=Egdnd3Mtd2l6Ig9Sb2JvdCBGcmFtZXdvcmsyCxAAGIAEGLEDGIMBMgUQABiABDIFEAAYgAQyBRAAGIAEMgUQABiABDIFEAAYgAQyBRAAGIAEMgUQABiABDIFEAAYgAQyBRAAGIAESMIDUABYdXABeACQAQGYAYwBoAHRA6oBAzEuM7gBA8gBAPgBAZgCBKAC4AKYAwCSBwMxLjOgB4wVsgcDMC4zuAfbAg&sclient=gws-wiz line 2 > eval line 3808 > eval line 1 > eval, line 1: unreachable code after return statement
JavaScript warning: https://www.google.com/search?q=Robot+Framework&sca_esv=a702c171394dd447&source=hp&ei=BCXbZ_rdKvCu5OUPp7WTmAI&iflsig=ACkRmUkAAAAAZ9szFJBRPCBOrr4eklVeG4u5rets-hA5&ved=0ahUKEwj67-uM-paMAxVwF7kGHafaBCMQ4dUDCA8&uact=5&oq=Robot+Framework&gs_lp=Egdnd3Mtd2l6Ig9Sb2JvdCBGcmFtZXdvcmsyCxAAGIAEGLEDGIMBMgUQABiABDIFEAAYgAQyBRAAGIAEMgUQABiABDIFEAAYgAQyBRAAGIAEMgUQABiABDIFEAAYgAQyBRAAGIAESMIDUABYdXABeACQAQGYAYwBoAHRA6oBAzEuM7gBA8gBAPgBAZgCBKAC4AKYAwCSBwMxLjOgB4wVsgcDMC4zuAfbAg&sclient=gws-wiz line 2 > eval line 3808 > eval line 1 > eval, line 1: unreachable code after return statement
JavaScript warning: https://www.google.com/search?q=Robot+Framework&sca_esv=a702c171394dd447&source=hp&ei=BCXbZ_rdKvCu5OUPp7WTmAI&iflsig=ACkRmUkAAAAAZ9szFJBRPCBOrr4eklVeG4u5rets-hA5&ved=0ahUKEwj67-uM-paMAxVwF7kGHafaBCMQ4dUDCA8&uact=5&oq=Robot+Framework&gs_lp=Egdnd3Mtd2l6Ig9Sb2JvdCBGcmFtZXdvcmsyCxAAGIAEGLEDGIMBMgUQABiABDIFEAAYgAQyBRAAGIAEMgUQABiABDIFEAAYgAQyBRAAGIAEMgUQABiABDIFEAAYgAQyBRAAGIAESMIDUABYdXABeACQAQGYAYwBoAHRA6oBAzEuM7gBA8gBAPgBAZgCBKAC4AKYAwCSBwMxLjOgB4wVsgcDMC4zuAfbAg&sclient=gws-wiz line 2 > eval line 3808 > eval line 1 > eval line 1 > eval, line 1: unreachable code after return statement
JavaScript warning: https://www.google.com/search?q=Robot+Framework&sca_esv=a702c171394dd447&source=hp&ei=BCXbZ_rdKvCu5OUPp7WTmAI&iflsig=ACkRmUkAAAAAZ9szFJBRPCBOrr4eklVeG4u5rets-hA5&ved=0ahUKEwj67-uM-paMAxVwF7kGHafaBCMQ4dUDCA8&uact=5&oq=Robot+Framework&gs_lp=Egdnd3Mtd2l6Ig9Sb2JvdCBGcmFtZXdvcmsyCxAAGIAEGLEDGIMBMgUQABiABDIFEAAYgAQyBRAAGIAEMgUQABiABDIFEAAYgAQyBRAAGIAEMgUQABiABDIFEAAYgAQyBRAAGIAESMIDUABYdXABeACQAQGYAYwBoAHRA6oBAzEuM7gBA8gBAPgBAZgCBKAC4AKYAwCSBwMxLjOgB4wVsgcDMC4zuAfbAg&sclient=gws-wiz line 2 > eval line 3808 > eval line 1 > eval line 1 > eval, line 1: unreachable code after return statement
1742415110672	Marionette	WARN	Ignoring event 'DOMContentLoaded' because document has an invalid readyState of 'complete'.
JavaScript error: https://www.google.com/sorry/index?continue=https://www.google.com/search%3Fq%3DRobot%2BFramework%26sca_esv%3Da702c171394dd447%26source%3Dhp%26ei%3DBCXbZ_rdKvCu5OUPp7WTmAI%26iflsig%3DACkRmUkAAAAAZ9szFJBRPCBOrr4eklVeG4u5rets-hA5%26ved%3D0ahUKEwj67-uM-paMAxVwF7kGHafaBCMQ4dUDCA8%26uact%3D5%26oq%3DRobot%2BFramework%26gs_lp%3DEgdnd3Mtd2l6Ig9Sb2JvdCBGcmFtZXdvcmsyCxAAGIAEGLEDGIMBMgUQABiABDIFEAAYgAQyBRAAGIAEMgUQABiABDIFEAAYgAQyBRAAGIAEMgUQABiABDIFEAAYgAQyBRAAGIAESMIDUABYdXABeACQAQGYAYwBoAHRA6oBAzEuM7gBA8gBAPgBAZgCBKAC4AKYAwCSBwMxLjOgB4wVsgcDMC4zuAfbAg%26sclient%3Dgws-wiz%26sei%3DBiXbZ_7pNOeU5OUPhIi74Ak&q=EhAoBC7UQILKAUndhpX_ATnUGIfK7L4GIjBNrE4zz3LOotW5UaYPIds8NJGGcniBE_Y1uVg6Lob3lg28jTkQ9K1rYMloXqPwscgyAnJSWgFD, line 1: ReferenceError: solveSimpleChallenge is not defined
JavaScript warning: https://www.youtube.com/embed/?enablejsapi=1&rel=0&autoplay=0&playsinline=1&expflag=embeds_enable_muted_autoplay%3Atrue&fs=1 line 857 > injectedScript, line 7689: unreachable code after return statement
JavaScript warning: https://www.youtube.com/embed/?enablejsapi=1&rel=0&autoplay=0&playsinline=1&expflag=embeds_enable_muted_autoplay%3Atrue&fs=1 line 857 > injectedScript, line 7689: unreachable code after return statement
JavaScript warning: https://www.youtube.com/embed/?enablejsapi=1&rel=0&autoplay=0&playsinline=1&expflag=embeds_enable_muted_autoplay%3Atrue&fs=1 line 857 > injectedScript, line 7689: unreachable code after return statement
JavaScript warning: https://www.youtube.com/embed/?enablejsapi=1&rel=0&autoplay=0&playsinline=1&expflag=embeds_enable_muted_autoplay%3Atrue&fs=1 line 857 > injectedScript, line 7689: unreachable code after return statement
JavaScript warning: https://www.youtube.com/embed/?enablejsapi=1&rel=0&autoplay=0&playsinline=1&expflag=embeds_enable_muted_autoplay%3Atrue&fs=1 line 857 > injectedScript, line 7689: unreachable code after return statement
JavaScript warning: https://www.youtube.com/embed/?enablejsapi=1&rel=0&autoplay=0&playsinline=1&expflag=embeds_enable_muted_autoplay%3Atrue&fs=1 line 857 > injectedScript, line 7689: unreachable code after return statement
JavaScript warning: https://www.youtube.com/embed/?enablejsapi=1&rel=0&autoplay=0&playsinline=1&expflag=embeds_enable_muted_autoplay%3Atrue&fs=1 line 857 > injectedScript line 2 > eval, line 7689: unreachable code after return statement
JavaScript warning: https://www.youtube.com/embed/?enablejsapi=1&rel=0&autoplay=0&playsinline=1&expflag=embeds_enable_muted_autoplay%3Atrue&fs=1 line 857 > injectedScript line 2 > eval, line 7689: unreachable code after return statement
JavaScript warning: https://www.youtube.com/embed/?enablejsapi=1&rel=0&autoplay=0&playsinline=1&expflag=embeds_enable_muted_autoplay%3Atrue&fs=1 line 857 > injectedScript line 2 > eval, line 7689: unreachable code after return statement
JavaScript warning: https://www.youtube.com/embed/?enablejsapi=1&rel=0&autoplay=0&playsinline=1&expflag=embeds_enable_muted_autoplay%3Atrue&fs=1 line 857 > injectedScript line 2 > eval, line 7689: unreachable code after return statement
JavaScript warning: https://www.youtube.com/embed/?enablejsapi=1&rel=0&autoplay=0&playsinline=1&expflag=embeds_enable_muted_autoplay%3Atrue&fs=1 line 857 > injectedScript line 2 > eval line 7689 > eval, line 1: unreachable code after return statement
JavaScript warning: https://www.youtube.com/embed/?enablejsapi=1&rel=0&autoplay=0&playsinline=1&expflag=embeds_enable_muted_autoplay%3Atrue&fs=1 line 857 > injectedScript line 2 > eval line 7689 > eval line 1 > eval, line 1: unreachable code after return statement
JavaScript warning: https://www.youtube.com/embed/?enablejsapi=1&rel=0&autoplay=0&playsinline=1&expflag=embeds_enable_muted_autoplay%3Atrue&fs=1 line 857 > injectedScript line 2 > eval line 7689 > eval, line 1: unreachable code after return statement
JavaScript warning: https://www.youtube.com/embed/?enablejsapi=1&rel=0&autoplay=0&playsinline=1&expflag=embeds_enable_muted_autoplay%3Atrue&fs=1 line 857 > injectedScript line 2 > eval line 7689 > eval line 1 > eval, line 1: unreachable code after return statement
JavaScript warning: https://www.youtube.com/embed/?enablejsapi=1&rel=0&autoplay=0&playsinline=1&expflag=embeds_enable_muted_autoplay%3Atrue&fs=1 line 857 > injectedScript line 2 > eval, line 7689: unreachable code after return statement
JavaScript warning: https://www.youtube.com/embed/?enablejsapi=1&rel=0&autoplay=0&playsinline=1&expflag=embeds_enable_muted_autoplay%3Atrue&fs=1 line 857 > injectedScript line 2 > eval, line 7689: unreachable code after return statement
JavaScript warning: https://www.youtube.com/embed/?enablejsapi=1&rel=0&autoplay=0&playsinline=1&expflag=embeds_enable_muted_autoplay%3Atrue&fs=1 line 857 > injectedScript line 2 > eval line 7689 > eval line 1 > eval, line 1: unreachable code after return statement
JavaScript warning: https://www.youtube.com/embed/?enablejsapi=1&rel=0&autoplay=0&playsinline=1&expflag=embeds_enable_muted_autoplay%3Atrue&fs=1 line 857 > injectedScript line 2 > eval line 7689 > eval line 1 > eval, line 1: unreachable code after return statement
JavaScript warning: https://www.youtube.com/embed/?enablejsapi=1&rel=0&autoplay=0&playsinline=1&expflag=embeds_enable_muted_autoplay%3Atrue&fs=1 line 857 > injectedScript line 2 > eval line 7689 > eval line 1 > eval line 1 > eval, line 1: unreachable code after return statement
JavaScript warning: https://www.youtube.com/embed/?enablejsapi=1&rel=0&autoplay=0&playsinline=1&expflag=embeds_enable_muted_autoplay%3Atrue&fs=1 line 857 > injectedScript line 2 > eval line 7689 > eval line 1 > eval line 1 > eval, line 1: unreachable code after return statement
1742415125663	Marionette	INFO	Stopped listening on port 53461
JavaScript warning: https://www.youtube.com/s/player/82345d49/www-widgetapi.vflset/www-widgetapi.js, line 198: Script terminated by timeout at:
n.sendMessage@https://www.youtube.com/s/player/82345d49/www-widgetapi.vflset/www-widgetapi.js:198:66
n.F@https://www.youtube.com/s/player/82345d49/www-widgetapi.vflset/www-widgetapi.js:194:50

JavaScript warning: https://www.youtube.com/s/player/82345d49/player_ias.vflset/en_US/base.js, line 1685: Script terminated by timeout at:
g.c0/<@https://www.youtube.com/s/player/82345d49/player_ias.vflset/en_US/base.js:1685:49

Dynamically enable window occlusion 1
